<?xml version="1.0" encoding="UTF-8"?>
<!-- Generated by org.testng.reporters.JUnitReportReporter -->
<testsuite hostname="DESKTOP-QKP1OPB" failures="0" tests="1" name="com.EveningBatch12Bestdotnettraining.TestCases.pom.CompleteCsharpCoursePageTestCase" time="10.555" errors="0" timestamp="2023-05-09T18:31:27 IST" skipped="0">
  <testcase classname="com.EveningBatch12Bestdotnettraining.TestCases.pom.CompleteCsharpCoursePageTestCase" name="enrollCsharp" time="10.555"/>
  <system-out/>
</testsuite> <!-- com.EveningBatch12Bestdotnettraining.TestCases.pom.CompleteCsharpCoursePageTestCase -->
