<?xml version="1.0" encoding="UTF-8"?>
<!-- Generated by org.testng.reporters.JUnitReportReporter -->
<testsuite hostname="DESKTOP-QKP1OPB" failures="0" tests="1" name="com.EveningBatch12Bestdotnettraining.TestCases.pom.OpenApplicationTestCase" time="9.576" errors="0" timestamp="2023-05-10T19:04:14 IST" skipped="0">
  <testcase classname="com.EveningBatch12Bestdotnettraining.TestCases.pom.OpenApplicationTestCase" name="openBrowser" time="9.576"/>
  <system-out/>
</testsuite> <!-- com.EveningBatch12Bestdotnettraining.TestCases.pom.OpenApplicationTestCase -->
