<?xml version="1.0" encoding="UTF-8"?>
<!-- Generated by org.testng.reporters.JUnitReportReporter -->
<testsuite hostname="DESKTOP-QKP1OPB" failures="0" tests="1" name="com.EveningBatch12Bestdotnettraining.TestCases.pom.SeleniumJavaCoursepageTestCase" time="13.561" errors="0" timestamp="2023-05-08T19:01:06 IST" skipped="0">
  <testcase classname="com.EveningBatch12Bestdotnettraining.TestCases.pom.SeleniumJavaCoursepageTestCase" name="seleniumjavaDemovideo" time="13.561"/>
  <system-out/>
</testsuite> <!-- com.EveningBatch12Bestdotnettraining.TestCases.pom.SeleniumJavaCoursepageTestCase -->
